<?xml version="1.0" encoding="UTF-8"?>
<testsuite name="service.user.UserServiceMySQLTest" tests="4" skipped="0" failures="0" errors="0" timestamp="2021-03-24T10:17:07" hostname="DESKTOP-94GB2QN" time="0.063">
  <properties/>
  <testcase name="updateUser" classname="service.user.UserServiceMySQLTest" time="0.017"/>
  <testcase name="viewUser" classname="service.user.UserServiceMySQLTest" time="0.027"/>
  <testcase name="deleteUser" classname="service.user.UserServiceMySQLTest" time="0.003"/>
  <testcase name="createEmployee" classname="service.user.UserServiceMySQLTest" time="0.016"/>
  <system-out><![CDATA[]]></system-out>
  <system-err><![CDATA[]]></system-err>
</testsuite>
